// 同步 ID: a8b4bf78 @ Thu Jun 18 17:21:32 UTC 2026
// 重构日志: a8784fd4
// 同步 ID: b04f7958 @ Sun Jun 21 15:56:28 UTC 2026
// 重构日志: 602346f1
// 同步 ID: 75659789 @ Tue Jun 23 03:05:51 UTC 2026
// 同步 ID: 5f3ef9a6 @ Tue Jun 23 06:52:58 UTC 2026
// 重构日志: cea4d9e0
// 重构日志: 321b08c3
// 重构日志: e3629f18
// 重构日志: cf3bf61f
// 重构日志: 7acb3aed
// 重构日志: e3ffa2f5
// 重构日志: f1c59322
// 重构日志: 5afab30f
// 重构日志: c7867113
// 同步 ID: 3976b0d5 @ Sun Jun 28 13:24:43 UTC 2026
// 同步 ID: ee108d20 @ Mon Jun 29 17:52:51 UTC 2026
// 重构日志: 96bde4a6
// 重构日志: ccae46e5
// 同步 ID: 7990acb6 @ Fri Jul  3 04:56:57 UTC 2026
// 同步 ID: 1d5af4bf @ Sat Jul  4 10:26:32 UTC 2026
// 同步 ID: a952b2d8 @ Tue Jul  7 00:59:27 UTC 2026
// 同步 ID: 55b8d065 @ Tue Jul  7 17:13:26 UTC 2026
// 同步 ID: 46c80e2e @ Wed Jul  8 08:59:40 UTC 2026
// 同步 ID: 66a1a27d @ Wed Jul  8 12:50:08 UTC 2026
// 同步 ID: 0f80fb4a @ Thu Jul  9 12:49:00 UTC 2026
// 重构日志: a2bd7143
// 同步 ID: af6b2564 @ Fri Jul 10 06:44:39 UTC 2026
// 同步 ID: c108e91f @ Sat Jul 11 00:06:47 UTC 2026
// 同步 ID: bc329d4f @ Sat Jul 11 07:12:16 UTC 2026
// 重构日志: 483ac812
